<?xml version="1.0" encoding="UTF-8"?>
<!-- Generated by org.testng.reporters.JUnitReportReporter -->
<testsuite hostname="LMMUMLP1339" failures="0" tests="2" name="Jan25.multipleTest" time="0.012" errors="0" timestamp="2024-01-25T10:48:09 IST" skipped="0">
  <testcase classname="Jan25.multipleTest" name="test4" time="0.011"/>
  <testcase classname="Jan25.multipleTest" name="test2" time="0.001"/>
</testsuite> <!-- Jan25.multipleTest -->
