<?xml version="1.0" encoding="UTF-8"?>
<!-- Generated by org.testng.reporters.JUnitReportReporter -->
<testsuite hostname="LMMUMLP1339" failures="0" tests="2" name="Jan25.priority1" time="0.015" errors="0" timestamp="2024-01-25T10:52:29 IST" skipped="0">
  <testcase classname="Jan25.priority1" name="test4" time="0.015"/>
  <testcase classname="Jan25.priority1" name="test2" time="0.000"/>
</testsuite> <!-- Jan25.priority1 -->
