<?xml version="1.0" encoding="UTF-8"?>
<!-- Generated by org.testng.reporters.JUnitReportReporter -->
<testsuite hostname="LMMUMLP1339" failures="0" tests="1" name="Jan22.TestNG_lab3" time="8.939" errors="0" timestamp="2024-01-22T18:07:31 IST" skipped="0">
  <testcase classname="Jan22.TestNG_lab3" name="Test" time="8.939"/>
</testsuite> <!-- Jan22.TestNG_lab3 -->
