<?xml version="1.0" encoding="UTF-8"?>
<!-- Generated by org.testng.reporters.JUnitReportReporter -->
<testsuite hostname="LMMUMLP1339" failures="0" tests="1" name="Jan24.TC01_Parameters" time="9.468" errors="0" timestamp="2024-01-24T17:43:25 IST" skipped="0">
  <testcase classname="Jan24.TC01_Parameters" name="test1" time="9.468"/>
</testsuite> <!-- Jan24.TC01_Parameters -->
