<?xml version="1.0" encoding="UTF-8"?>
<!-- Generated by org.testng.reporters.JUnitReportReporter -->
<testsuite hostname="LMMUMLP1339" failures="0" tests="2" name="Jan24.priority2" time="0.003" errors="0" timestamp="2024-01-25T10:52:29 IST" skipped="0">
  <testcase classname="Jan24.priority2" name="test4" time="0.002"/>
  <testcase classname="Jan24.priority2" name="test2" time="0.001"/>
</testsuite> <!-- Jan24.priority2 -->
