<?xml version="1.0" encoding="UTF-8"?>
<!-- Generated by org.testng.reporters.JUnitReportReporter -->
<testsuite hostname="LMMUMLP1339" failures="0" tests="1" name="Jan18_Jmeter.TC001_TestNG" time="0.015" errors="0" timestamp="2024-01-22T13:35:56 IST" skipped="0">
  <testcase classname="Jan18_Jmeter.TC001_TestNG" name="logintest" time="0.015"/>
</testsuite> <!-- Jan18_Jmeter.TC001_TestNG -->
