<?xml version="1.0" encoding="UTF-8"?>
<!-- Generated by org.testng.reporters.JUnitReportReporter -->
<testsuite hostname="LMMUMLP1339" failures="0" tests="1" name="P1.Luma_ETE_Test" time="24.273" errors="0" timestamp="2024-01-30T13:49:44 IST" skipped="0">
  <testcase classname="P1.Luma_ETE_Test" name="f" time="24.273"/>
</testsuite> <!-- P1.Luma_ETE_Test -->
